<?xml version="1.0" encoding="UTF-8"?>
<!-- Generated by org.testng.reporters.JUnitReportReporter -->
<testsuite hostname="LAPTOP-IUGDUUJK" failures="0" tests="1" name="test_classes.put_TC1" time="1.599" errors="0" timestamp="2023-07-01T20:21:31 IST" skipped="0">
  <testcase classname="test_classes.put_TC1" name="extractor" time="1.599"/>
</testsuite> <!-- test_classes.put_TC1 -->
