<?xml version="1.0" encoding="UTF-8"?>
<!-- Generated by org.testng.reporters.JUnitReportReporter -->
<testsuite hostname="LAPTOP-IUGDUUJK" failures="0" tests="1" name="test_classes.Put_Retry_TC1" time="1.560" errors="0" timestamp="2023-07-01T20:21:31 IST" skipped="0">
  <testcase classname="test_classes.Put_Retry_TC1" name="execute" time="1.560"/>
</testsuite> <!-- test_classes.Put_Retry_TC1 -->
